> devtools::check(args="--as-cran", cran=TRUE)
══ Documenting ═════════════════════════════════════════════════════════════════
ℹ Updating exdqlm documentation
ℹ Loading exdqlm

══ Building ════════════════════════════════════════════════════════════════════
Setting env vars:
• CFLAGS    : -Wall -pedantic
• CXXFLAGS  : -Wall -pedantic
• CXX11FLAGS: -Wall -pedantic
• CXX14FLAGS: -Wall -pedantic
• CXX17FLAGS: -Wall -pedantic
• CXX20FLAGS: -Wall -pedantic
── R CMD build ─────────────────────────────────────────────────────────────────
* checking for file ‘/data/muscat_data/jaguir26/exdqlm__wt__0.3.0-cpp/DESCRIPTION’ ... OK
* preparing ‘exdqlm’:
* checking DESCRIPTION meta-information ... OK
* cleaning src
* checking for LF line-endings in source and make files and shell scripts
* checking for empty or unneeded directories
* building ‘exdqlm_0.4.0.tar.gz’
Warning: invalid uid value replaced by that for user 'nobody'
Warning: invalid gid value replaced by that for user 'nobody'

══ Checking ════════════════════════════════════════════════════════════════════
Setting env vars:
• _R_CHECK_CRAN_INCOMING_USE_ASPELL_           : TRUE
• _R_CHECK_CRAN_INCOMING_REMOTE_               : FALSE
• _R_CHECK_CRAN_INCOMING_                      : FALSE
• _R_CHECK_FORCE_SUGGESTS_                     : FALSE
• _R_CHECK_PACKAGES_USED_IGNORE_UNUSED_IMPORTS_: FALSE
• NOT_CRAN                                     : true
── R CMD check ─────────────────────────────────────────────────────────────────
* using log directory ‘/tmp/Rtmp36sLI4/file6c16277eeddb1/exdqlm.Rcheck’
* using R version 4.4.0 (2024-04-24)
* using platform: x86_64-redhat-linux-gnu
* R was compiled by
    gcc (GCC) 8.5.0 20210514 (Red Hat 8.5.0-20)
    GNU Fortran (GCC) 8.5.0 20210514 (Red Hat 8.5.0-20)
* running under: AlmaLinux 8.10 (Cerulean Leopard)
* using session charset: UTF-8
* using options ‘--no-manual --as-cran’
* checking for file ‘exdqlm/DESCRIPTION’ ... OK
* this is package ‘exdqlm’ version ‘0.4.0’
* package encoding: UTF-8
* checking package namespace information ... OK
* checking package dependencies ... OK
* checking if this is a source package ... OK
* checking if there is a namespace ... OK
* checking for executable files ... OK
* checking for hidden files and directories ... OK
* checking for portable file names ... OK
* checking for sufficient/correct file permissions ... OK
* checking serialization versions ... OK
* checking whether package ‘exdqlm’ can be installed ... [117s/116s] OK
* used C++ compiler: ‘g++ (GCC) 8.5.0 20210514 (Red Hat 8.5.0-22)’
* checking installed package size ... NOTE
  installed size is 27.1Mb
  sub-directories of 1Mb or more:
    libs  25.9Mb
* checking package directory ... OK
* checking for future file timestamps ... NOTE
unable to verify current time
* checking DESCRIPTION meta-information ... OK
* checking top-level files ... OK
* checking for left-over files ... OK
* checking index information ... OK
* checking package subdirectories ... OK
* checking code files for non-ASCII characters ... OK
* checking R files for syntax errors ... OK
* checking whether the package can be loaded ... OK
* checking whether the package can be loaded with stated dependencies ... OK
* checking whether the package can be unloaded cleanly ... OK
* checking whether the namespace can be loaded with stated dependencies ... OK
* checking whether the namespace can be unloaded cleanly ... OK
* checking loading without being on the library search path ... OK
* checking whether startup messages can be suppressed ... OK
* checking dependencies in R code ... OK
* checking S3 generic/method consistency ... OK
* checking replacement functions ... OK
* checking foreign function calls ... OK
* checking R code for possible problems ... [28s/28s] NOTE
exdqlm_synthesize_from_draws : eval_Qinit_at_t: no visible global
  function definition for ‘approx’
exdqlm_synthesize_from_draws: no visible global function definition for
  ‘approx’
Undefined global functions or variables:
  approx
Consider adding
  importFrom("stats", "approx")
to your NAMESPACE file.
* checking Rd files ... OK
* checking Rd metadata ... OK
* checking Rd line widths ... OK
* checking Rd cross-references ... OK
* checking for missing documentation entries ... OK
* checking for code/documentation mismatches ... OK
* checking Rd \usage sections ... OK
* checking Rd contents ... OK
* checking for unstated dependencies in examples ... OK
* checking contents of ‘data’ directory ... OK
* checking data for non-ASCII characters ... OK
* checking LazyData ... OK
* checking data for ASCII and uncompressed saves ... OK
* checking line endings in C/C++/Fortran sources/headers ... OK
* checking line endings in Makefiles ... OK
* checking compilation flags in Makevars ... OK
* checking for GNU extensions in Makefiles ... OK
* checking for portable use of $(BLAS_LIBS) and $(LAPACK_LIBS) ... OK
* checking use of PKG_*FLAGS in Makefiles ... OK
* checking use of SHLIB_OPENMP_*FLAGS in Makefiles ... OK
* checking pragmas in C/C++ headers and code ... OK
* checking compilation flags used ... NOTE
Compilation used the following non-portable flag(s):
  ‘-Werror=format-security’ ‘-Wp,-D_FORTIFY_SOURCE=2’
  ‘-Wp,-D_GLIBCXX_ASSERTIONS’
* checking compiled code ... OK
* checking examples ... OK
* checking examples with --run-donttest ... [481s/484s] OK
* checking for unstated dependencies in ‘tests’ ... OK
* checking tests ...
  Running ‘testthat.R’ [10s/10s]
 [11s/11s] OK
* checking for non-standard things in the check directory ... OK
* checking for detritus in the temp directory ... OK
* DONE

Status: 4 NOTEs
See
  ‘/tmp/Rtmp36sLI4/file6c16277eeddb1/exdqlm.Rcheck/00check.log’
for details.
── R CMD check results ─────────────────────────────────────── exdqlm 0.4.0 ────
Duration: 11m 47.5s

❯ checking installed package size ... NOTE
    installed size is 27.1Mb
    sub-directories of 1Mb or more:
      libs  25.9Mb

❯ checking for future file timestamps ... NOTE
  unable to verify current time

❯ checking R code for possible problems ... [28s/28s] NOTE
  exdqlm_synthesize_from_draws : eval_Qinit_at_t: no visible global
    function definition for ‘approx’
  exdqlm_synthesize_from_draws: no visible global function definition for
    ‘approx’
  Undefined global functions or variables:
    approx
  Consider adding
    importFrom("stats", "approx")
  to your NAMESPACE file.

❯ checking compilation flags used ... NOTE
  Compilation used the following non-portable flag(s):
    ‘-Werror=format-security’ ‘-Wp,-D_FORTIFY_SOURCE=2’
    ‘-Wp,-D_GLIBCXX_ASSERTIONS’

0 errors ✔ | 0 warnings ✔ | 4 notes ✖
> 
> 
